<?xml version="1.0" encoding="UTF-8"?>
<testsuites tests="20" failures="0" disabled="0" errors="0" time="0.007" timestamp="2025-09-19T16:24:57.201" name="AllTests">
  <testsuite name="FunctionInstancesTest" tests="20" failures="0" disabled="0" skipped="0" errors="0" time="0.007" timestamp="2025-09-19T16:24:57.201">
    <testcase name="Function_CreateFromHostCallback_CreatesSuccessfully" file="/home/pugong/SPR_WPE/wasm-micro-runtime/tests/unit/wasm-c-api/test_function_instances.cc" line="73" status="run" result="completed" time="0.005" timestamp="2025-09-19T16:24:57.201" classname="FunctionInstancesTest" />
    <testcase name="Function_CreateWithNullCallback_ReturnsNull" file="/home/pugong/SPR_WPE/wasm-micro-runtime/tests/unit/wasm-c-api/test_function_instances.cc" line="112" status="run" result="completed" time="0" timestamp="2025-09-19T16:24:57.207" classname="FunctionInstancesTest" />
    <testcase name="Function_CreateWithNullStore_ReturnsNull" file="/home/pugong/SPR_WPE/wasm-micro-runtime/tests/unit/wasm-c-api/test_function_instances.cc" line="128" status="run" result="completed" time="0" timestamp="2025-09-19T16:24:57.207" classname="FunctionInstancesTest" />
    <testcase name="Function_GetType_ReturnsCorrectType" file="/home/pugong/SPR_WPE/wasm-micro-runtime/tests/unit/wasm-c-api/test_function_instances.cc" line="151" status="run" result="completed" time="0" timestamp="2025-09-19T16:24:57.207" classname="FunctionInstancesTest" />
    <testcase name="Function_GetTypeFromNull_ReturnsNull" file="/home/pugong/SPR_WPE/wasm-micro-runtime/tests/unit/wasm-c-api/test_function_instances.cc" line="186" status="run" result="completed" time="0" timestamp="2025-09-19T16:24:57.207" classname="FunctionInstancesTest" />
    <testcase name="Function_ParamArity_ReturnsCorrectCount" file="/home/pugong/SPR_WPE/wasm-micro-runtime/tests/unit/wasm-c-api/test_function_instances.cc" line="193" status="run" result="completed" time="0" timestamp="2025-09-19T16:24:57.207" classname="FunctionInstancesTest" />
    <testcase name="Function_ResultArity_ReturnsCorrectCount" file="/home/pugong/SPR_WPE/wasm-micro-runtime/tests/unit/wasm-c-api/test_function_instances.cc" line="219" status="run" result="completed" time="0" timestamp="2025-09-19T16:24:57.207" classname="FunctionInstancesTest" />
    <testcase name="Function_Call_WithCorrectParams_ReturnsExpectedResult" file="/home/pugong/SPR_WPE/wasm-micro-runtime/tests/unit/wasm-c-api/test_function_instances.cc" line="246" status="run" result="completed" time="0" timestamp="2025-09-19T16:24:57.207" classname="FunctionInstancesTest" />
    <testcase name="Function_Call_WithIncorrectParamCount_ReturnsTrap" file="/home/pugong/SPR_WPE/wasm-micro-runtime/tests/unit/wasm-c-api/test_function_instances.cc" line="280" status="run" result="completed" time="0" timestamp="2025-09-19T16:24:57.207" classname="FunctionInstancesTest" />
    <testcase name="Function_Call_WithNullFunction_ReturnsTrap" file="/home/pugong/SPR_WPE/wasm-micro-runtime/tests/unit/wasm-c-api/test_function_instances.cc" line="319" status="run" result="completed" time="0" timestamp="2025-09-19T16:24:57.207" classname="FunctionInstancesTest" />
    <testcase name="HostFunction_CallbackExecution_WorksCorrectly" file="/home/pugong/SPR_WPE/wasm-micro-runtime/tests/unit/wasm-c-api/test_function_instances.cc" line="335" status="run" result="completed" time="0" timestamp="2025-09-19T16:24:57.208" classname="FunctionInstancesTest" />
    <testcase name="HostFunction_CallbackReturningTrap_HandlesTrapCorrectly" file="/home/pugong/SPR_WPE/wasm-micro-runtime/tests/unit/wasm-c-api/test_function_instances.cc" line="388" status="run" result="completed" time="0" timestamp="2025-09-19T16:24:57.208" classname="FunctionInstancesTest" />
    <testcase name="Function_SetHostInfo_StoresCorrectly" file="/home/pugong/SPR_WPE/wasm-micro-runtime/tests/unit/wasm-c-api/test_function_instances.cc" line="429" status="run" result="completed" time="0" timestamp="2025-09-19T16:24:57.208" classname="FunctionInstancesTest" />
    <testcase name="Function_GetHostInfo_WithoutSetting_ReturnsNull" file="/home/pugong/SPR_WPE/wasm-micro-runtime/tests/unit/wasm-c-api/test_function_instances.cc" line="461" status="run" result="completed" time="0" timestamp="2025-09-19T16:24:57.208" classname="FunctionInstancesTest" />
    <testcase name="Function_HostInfoWithNull_HandlesGracefully" file="/home/pugong/SPR_WPE/wasm-micro-runtime/tests/unit/wasm-c-api/test_function_instances.cc" line="488" status="run" result="completed" time="0" timestamp="2025-09-19T16:24:57.208" classname="FunctionInstancesTest" />
    <testcase name="Function_AsExternal_WorksCorrectly" file="/home/pugong/SPR_WPE/wasm-micro-runtime/tests/unit/wasm-c-api/test_function_instances.cc" line="499" status="run" result="completed" time="0" timestamp="2025-09-19T16:24:57.208" classname="FunctionInstancesTest" />
    <testcase name="Function_AsExternalWithNull_ReturnsNull" file="/home/pugong/SPR_WPE/wasm-micro-runtime/tests/unit/wasm-c-api/test_function_instances.cc" line="530" status="run" result="completed" time="0" timestamp="2025-09-19T16:24:57.208" classname="FunctionInstancesTest" />
    <testcase name="Function_AsRef_WorksCorrectly" file="/home/pugong/SPR_WPE/wasm-micro-runtime/tests/unit/wasm-c-api/test_function_instances.cc" line="537" status="run" result="completed" time="0" timestamp="2025-09-19T16:24:57.208" classname="FunctionInstancesTest" />
    <testcase name="Function_Delete_HandlesNullGracefully" file="/home/pugong/SPR_WPE/wasm-micro-runtime/tests/unit/wasm-c-api/test_function_instances.cc" line="574" status="run" result="completed" time="0" timestamp="2025-09-19T16:24:57.208" classname="FunctionInstancesTest" />
    <testcase name="Function_MultipleReferencesToSame_WorkCorrectly" file="/home/pugong/SPR_WPE/wasm-micro-runtime/tests/unit/wasm-c-api/test_function_instances.cc" line="579" status="run" result="completed" time="0" timestamp="2025-09-19T16:24:57.208" classname="FunctionInstancesTest" />
  </testsuite>
</testsuites>
